Arguments: 
  /opt/nodejs/14.17.6/bin/node /opt/yarn/1.22.15/bin/yarn.js add tsc

PATH: 
  /home/codespace/.rbenv/shims:/vscode/bin/linux-x64/f80445acd5a3dadef24aa209168452a3d97cc326/bin/remote-cli:/home/codespace/.nvm/current/bin:/home/codespace/.npm-global/bin:/usr/local/sbin:/usr/local/bin:/usr/sbin:/usr/bin:/sbin:/bin:/home/codespace/.dotnet:/home/codespace/.dotnet/tools:/usr/local/sdkman/bin:/usr/local/sdkman/candidates/gradle/current/bin:/usr/local/sdkman/candidates/java/current/bin:/opt/maven/lts:/usr/local/cargo/bin:/usr/local/go/bin:/go/bin:/usr/local/py-utils/bin:/opt/conda/condabin:/home/codespace/.java/current/bin:/home/codespace/.nodejs/current/bin:/home/codespace/.php/current/bin:/home/codespace/.python/current/bin:/home/codespace/.ruby/current/bin:/home/codespace/.maven/current/bin:/home/codespace/.hugo/current/bin:/opt/oryx:/opt/nodejs/lts/bin:/opt/dotnet/lts:/opt/python/latest/bin:/opt/php/lts/bin:/opt/php-composer:/opt/yarn/stable/bin:/opt/hugo/lts::/opt/java/lts/bin:/opt/maven/lts/bin:/opt/ruby/lts/bin:/home/codespace/.local/bin:/usr/local/rvm/bin

Yarn version: 
  1.22.15

Node version: 
  14.17.6

Platform: 
  linux x64

Trace: 
  SyntaxError: /workspaces/schema-types/package.json: Unexpected token } in JSON at position 478
      at JSON.parse (<anonymous>)
      at /opt/yarn/1.22.15/lib/cli.js:1625:59
      at Generator.next (<anonymous>)
      at step (/opt/yarn/1.22.15/lib/cli.js:310:30)
      at /opt/yarn/1.22.15/lib/cli.js:321:13

npm manifest: 
  {
      "name": "@mchlbataller/schematypes",
      "version": "1.0.0",
      "description": "Mongoose Schema provider",
      "main": "schemaTypes.ts",
      "repository": "git://github.com/mchlbataller/schema-types.git",
      "scripts": {
        "test": "echo \"Error: no test specified\" && exit 1"
      },
      "author": "Michael C. Bataller",
      "license": "MIT",
      "peerDependencies": {
        "mongoose": "^5.0.0",
        "ts-node": "^10.5.0",
        "typescript": "^4.5.5",
        
      }
    }

yarn manifest: 
  No manifest

Lockfile: 
  No lockfile
